<?xml version="1.0" encoding="UTF-8"?>
<testng-results skipped="0" failed="0" ignored="0" total="5" passed="5">
  <reporter-output>
  </reporter-output>
  <suite name="Command line suite" duration-ms="25584" started-at="2018-09-05T06:59:43Z" finished-at="2018-09-05T07:00:08Z">
    <groups>
    </groups>
    <test name="Command line test" duration-ms="25584" started-at="2018-09-05T06:59:43Z" finished-at="2018-09-05T07:00:08Z">
      <class name="testcase.TestFlowOne">
        <test-method status="PASS" signature="setUp()[pri:0, instance:testcase.TestFlowOne@5249866e]" name="setUp" is-config="true" duration-ms="5050" started-at="2018-09-05T14:59:43Z" finished-at="2018-09-05T14:59:48Z">
          <reporter-output>
          </reporter-output>
        </test-method> <!-- setUp -->
        <test-method status="PASS" signature="testLogin()[pri:0, instance:testcase.TestFlowOne@5249866e]" name="testLogin" duration-ms="4040" started-at="2018-09-05T14:59:48Z" finished-at="2018-09-05T14:59:52Z">
          <reporter-output>
          </reporter-output>
        </test-method> <!-- testLogin -->
        <test-method status="PASS" signature="testBooking()[pri:0, instance:testcase.TestFlowOne@5249866e]" name="testBooking" duration-ms="3542" started-at="2018-09-05T14:59:52Z" depends-on-methods="testcase.TestFlowOne.testLogin" finished-at="2018-09-05T14:59:55Z">
          <reporter-output>
          </reporter-output>
        </test-method> <!-- testBooking -->
        <test-method status="PASS" signature="testSelectContacts()[pri:0, instance:testcase.TestFlowOne@5249866e]" name="testSelectContacts" duration-ms="2295" started-at="2018-09-05T14:59:55Z" depends-on-methods="testcase.TestFlowOne.testBooking" finished-at="2018-09-05T14:59:58Z">
          <reporter-output>
          </reporter-output>
        </test-method> <!-- testSelectContacts -->
        <test-method status="PASS" signature="testTicketConfirm()[pri:0, instance:testcase.TestFlowOne@5249866e]" name="testTicketConfirm" duration-ms="7483" started-at="2018-09-05T14:59:58Z" depends-on-methods="testcase.TestFlowOne.testSelectContacts" finished-at="2018-09-05T15:00:05Z">
          <reporter-output>
          </reporter-output>
        </test-method> <!-- testTicketConfirm -->
        <test-method status="PASS" signature="testTicketPay()[pri:0, instance:testcase.TestFlowOne@5249866e]" name="testTicketPay" duration-ms="2192" started-at="2018-09-05T15:00:05Z" depends-on-methods="testcase.TestFlowOne.testTicketConfirm" finished-at="2018-09-05T15:00:07Z">
          <reporter-output>
          </reporter-output>
        </test-method> <!-- testTicketPay -->
        <test-method status="PASS" signature="tearDown()[pri:0, instance:testcase.TestFlowOne@5249866e]" name="tearDown" is-config="true" duration-ms="963" started-at="2018-09-05T15:00:07Z" finished-at="2018-09-05T15:00:08Z">
          <reporter-output>
          </reporter-output>
        </test-method> <!-- tearDown -->
      </class> <!-- testcase.TestFlowOne -->
    </test> <!-- Command line test -->
  </suite> <!-- Command line suite -->
</testng-results>
